build/outputs/logs/manifest-merger-debug-report.txt
-- Merging decision tree log ---
manifest
ADDED from AndroidManifest.xml:24:1
	package
		ADDED from AndroidManifest.xml:26:11
	android:versionName
		ADDED from AndroidManifest.xml:28:11
	xmlns:tools
		ADDED from AndroidManifest.xml:25:11
	android:versionCode
		ADDED from AndroidManifest.xml:27:11
		INJECTED from AndroidManifest.xml:0:0
		INJECTED from AndroidManifest.xml:0:0
	xmlns:android
		ADDED from AndroidManifest.xml:24:11
uses-sdk
ADDED from AndroidManifest.xml:30:5
	android:minSdkVersion
		ADDED from AndroidManifest.xml:30:15
uses-permission#android.permission.INTERNET
ADDED from AndroidManifest.xml:32:5
	android:name
		ADDED from AndroidManifest.xml:32:22
uses-permission#android.permission.WRITE_EXTERNAL_STORAGE
ADDED from AndroidManifest.xml:33:5
	android:maxSdkVersion
		ADDED from AndroidManifest.xml:34:22
	android:name
		ADDED from AndroidManifest.xml:33:22
uses-permission#android.permission.READ_PHONE_STATE
ADDED from AndroidManifest.xml:35:5
	android:name
		ADDED from AndroidManifest.xml:35:22
uses-permission#android.permission.READ_EXTERNAL_STORAGE
ADDED from AndroidManifest.xml:36:5
	android:maxSdkVersion
		ADDED from AndroidManifest.xml:37:22
	android:name
		ADDED from AndroidManifest.xml:36:22
application
ADDED from AndroidManifest.xml:39:5
	android:label
		ADDED from AndroidManifest.xml:40:18
	android:icon
		ADDED from AndroidManifest.xml:39:18
activity#nitezh.ministock.activities.MinistocksActivity
ADDED from AndroidManifest.xml:42:9
	android:label
		ADDED from AndroidManifest.xml:44:19
	android:configChanges
		ADDED from AndroidManifest.xml:43:19
	android:theme
		ADDED from AndroidManifest.xml:45:19
	android:name
		ADDED from AndroidManifest.xml:42:19
intent-filter#android.intent.action.MAIN+android.intent.category.LAUNCHER
ADDED from AndroidManifest.xml:47:13
action#android.intent.action.MAIN
ADDED from AndroidManifest.xml:48:17
	android:name
		ADDED from AndroidManifest.xml:48:25
category#android.intent.category.LAUNCHER
ADDED from AndroidManifest.xml:49:17
	android:name
		ADDED from AndroidManifest.xml:49:27
activity#nitezh.ministock.activities.PortfolioActivity
ADDED from AndroidManifest.xml:52:9
	android:label
		ADDED from AndroidManifest.xml:54:19
	android:launchMode
		ADDED from AndroidManifest.xml:55:19
	android:configChanges
		ADDED from AndroidManifest.xml:53:19
	android:name
		ADDED from AndroidManifest.xml:52:19
intent-filter#android.intent.action.MAIN
ADDED from AndroidManifest.xml:57:13
activity#nitezh.ministock.activities.PreferencesActivity
ADDED from AndroidManifest.xml:61:9
	android:clearTaskOnLaunch
		ADDED from AndroidManifest.xml:62:19
	android:label
		ADDED from AndroidManifest.xml:65:19
	android:launchMode
		ADDED from AndroidManifest.xml:66:19
	android:configChanges
		ADDED from AndroidManifest.xml:63:19
	android:finishOnTaskLaunch
		ADDED from AndroidManifest.xml:64:19
	android:name
		ADDED from AndroidManifest.xml:61:19
intent-filter#android.intent.action.EDIT+android.intent.category.DEFAULT
ADDED from AndroidManifest.xml:68:13
action#android.intent.action.EDIT
ADDED from AndroidManifest.xml:69:17
	android:name
		ADDED from AndroidManifest.xml:69:25
category#android.intent.category.DEFAULT
ADDED from AndroidManifest.xml:70:17
	android:name
		ADDED from AndroidManifest.xml:70:27
intent-filter#android.intent.action.PICK+android.intent.category.DEFAULT
ADDED from AndroidManifest.xml:72:13
action#android.intent.action.PICK
ADDED from AndroidManifest.xml:73:17
	android:name
		ADDED from AndroidManifest.xml:73:25
intent-filter#android.intent.action.SEARCH+android.intent.category.DEFAULT
ADDED from AndroidManifest.xml:76:13
action#android.intent.action.SEARCH
ADDED from AndroidManifest.xml:77:17
	android:name
		ADDED from AndroidManifest.xml:77:25
meta-data#android.app.searchable
ADDED from AndroidManifest.xml:81:13
	android:resource
		ADDED from AndroidManifest.xml:82:24
	android:name
		ADDED from AndroidManifest.xml:81:24
activity#nitezh.ministock.activities.configure.ConfigureActivity1x2
ADDED from AndroidManifest.xml:84:9
	android:theme
		ADDED from AndroidManifest.xml:85:19
	android:name
		ADDED from AndroidManifest.xml:84:19
intent-filter#android.appwidget.action.APPWIDGET_CONFIGURE
ADDED from AndroidManifest.xml:87:13
action#android.appwidget.action.APPWIDGET_CONFIGURE
ADDED from AndroidManifest.xml:88:17
	android:name
		ADDED from AndroidManifest.xml:88:25
activity#nitezh.ministock.activities.configure.ConfigureActivity2x2
ADDED from AndroidManifest.xml:91:9
	android:theme
		ADDED from AndroidManifest.xml:92:19
	android:name
		ADDED from AndroidManifest.xml:91:19
activity#nitezh.ministock.activities.configure.ConfigureActivity1x4
ADDED from AndroidManifest.xml:98:9
	android:theme
		ADDED from AndroidManifest.xml:99:19
	android:name
		ADDED from AndroidManifest.xml:98:19
activity#nitezh.ministock.activities.configure.ConfigureActivity2x4
ADDED from AndroidManifest.xml:105:9
	android:theme
		ADDED from AndroidManifest.xml:106:19
	android:name
		ADDED from AndroidManifest.xml:105:19
activity#nitezh.ministock.activities.SymbolSearchableActivity
ADDED from AndroidManifest.xml:112:9
	android:excludeFromRecents
		ADDED from AndroidManifest.xml:114:19
	android:launchMode
		ADDED from AndroidManifest.xml:115:19
	android:configChanges
		ADDED from AndroidManifest.xml:113:19
	android:theme
		ADDED from AndroidManifest.xml:116:19
	android:name
		ADDED from AndroidManifest.xml:112:19
provider#nitezh.ministock.SymbolProvider
ADDED from AndroidManifest.xml:136:9
	android:authorities
		ADDED from AndroidManifest.xml:137:19
	android:syncable
		ADDED from AndroidManifest.xml:138:19
	tools:ignore
		ADDED from AndroidManifest.xml:139:19
	android:name
		ADDED from AndroidManifest.xml:136:19
receiver#nitezh.ministock.WidgetProvider
ADDED from AndroidManifest.xml:142:9
	android:label
		ADDED from AndroidManifest.xml:143:19
	android:name
		ADDED from AndroidManifest.xml:142:19
intent-filter#android.appwidget.action.APPWIDGET_UPDATE+nitezh.ministock.ASYNC_UPDATE
ADDED from AndroidManifest.xml:145:13
action#android.appwidget.action.APPWIDGET_UPDATE
ADDED from AndroidManifest.xml:146:17
	android:name
		ADDED from AndroidManifest.xml:146:25
action#nitezh.ministock.ASYNC_UPDATE
ADDED from AndroidManifest.xml:147:17
	android:name
		ADDED from AndroidManifest.xml:147:25
intent-filter#nitezh.ministock.ALARM_UPDATE
ADDED from AndroidManifest.xml:149:13
action#nitezh.ministock.ALARM_UPDATE
ADDED from AndroidManifest.xml:150:17
	android:name
		ADDED from AndroidManifest.xml:150:25
meta-data#android.appwidget.provider
ADDED from AndroidManifest.xml:153:13
	android:resource
		ADDED from AndroidManifest.xml:154:24
	android:name
		ADDED from AndroidManifest.xml:153:24
receiver#nitezh.ministock.activities.widget.WidgetProvider1x4
ADDED from AndroidManifest.xml:156:9
	android:label
		ADDED from AndroidManifest.xml:157:19
	android:name
		ADDED from AndroidManifest.xml:156:19
intent-filter#android.appwidget.action.APPWIDGET_UPDATE
ADDED from AndroidManifest.xml:159:13
intent-filter#nitezh.ministocks.ALARM_UPDATE
ADDED from AndroidManifest.xml:162:13
action#nitezh.ministocks.ALARM_UPDATE
ADDED from AndroidManifest.xml:163:17
	android:name
		ADDED from AndroidManifest.xml:163:25
receiver#nitezh.ministock.activities.widget.WidgetProvider2x2
ADDED from AndroidManifest.xml:169:9
	android:label
		ADDED from AndroidManifest.xml:170:19
	android:name
		ADDED from AndroidManifest.xml:169:19
receiver#nitezh.ministock.activities.widget.WidgetProvider2x4
ADDED from AndroidManifest.xml:182:9
	android:label
		ADDED from AndroidManifest.xml:183:19
	android:name
		ADDED from AndroidManifest.xml:182:19